Using pre-set license
Built from '2020.3/staging' branch; Version is '2020.3.17f1 (a4537701e4ab) revision 10769271'; Using compiler version '192528614'; Build Type 'Release'
OS: 'Windows 10 Enterprise; OS build 18363.1916; Version 1909; 64bit' Language: 'en' Physical Memory: 16310 MB
BatchMode: 1, IsHumanControllingUs: 0, StartBugReporterOnCrash: 0, Is64bit: 1, IsPro: 0

COMMAND LINE ARGUMENTS:
C:\Program Files\Unity\Hub\Editor\2020.3.17f1\Editor\Unity.exe
-adb2
-batchMode
-noUpm
-name
AssetImportWorker0
-projectPath
C:/Users/joel/Downloads/GAArtLesson-main/Art Lesson
-logFile
Logs/AssetImportWorker0.log
-srvPort
54576
Successfully changed project path to: C:/Users/joel/Downloads/GAArtLesson-main/Art Lesson
C:/Users/joel/Downloads/GAArtLesson-main/Art Lesson
Using Asset Import Pipeline V2.
Refreshing native plugins compatible for Editor in 32.23 ms, found 2 plugins.
Preloading 0 native plugins for Editor in 0.00 ms.
Initialize engine version: 2020.3.17f1 (a4537701e4ab)
[Subsystems] Discovering subsystems at path C:/Program Files/Unity/Hub/Editor/2020.3.17f1/Editor/Data/Resources/UnitySubsystems
[Subsystems] Discovering subsystems at path C:/Users/joel/Downloads/GAArtLesson-main/Art Lesson/Assets
GfxDevice: creating device client; threaded=0
Direct3D:
    Version:  Direct3D 11.0 [level 11.1]
    Renderer: NVIDIA GeForce RTX 2060 (ID=0x1f08)
    Vendor:   
    VRAM:     5980 MB
    Driver:   30.0.14.7168
Initialize mono
Mono path[0] = 'C:/Program Files/Unity/Hub/Editor/2020.3.17f1/Editor/Data/Managed'
Mono path[1] = 'C:/Program Files/Unity/Hub/Editor/2020.3.17f1/Editor/Data/MonoBleedingEdge/lib/mono/unityjit'
Mono config path = 'C:/Program Files/Unity/Hub/Editor/2020.3.17f1/Editor/Data/MonoBleedingEdge/etc'
Using monoOptions --debugger-agent=transport=dt_socket,embedding=1,server=y,suspend=n,address=127.0.0.1:56852
Begin MonoManager ReloadAssembly
Registering precompiled unity dll's ...
Register platform support module: C:/Program Files/Unity/Hub/Editor/2020.3.17f1/Editor/Data/PlaybackEngines/WindowsStandaloneSupport/UnityEditor.WindowsStandalone.Extensions.dll
Registered in 0.002589 seconds.
Native extension for WindowsStandalone target not found
Refreshing native plugins compatible for Editor in 29.81 ms, found 2 plugins.
Preloading 0 native plugins for Editor in 0.00 ms.
Mono: successfully reloaded assembly
- Completed reload, in  1.202 seconds
Domain Reload Profiling:
	ReloadAssembly (1202ms)
		BeginReloadAssembly (57ms)
			ExecutionOrderSort (0ms)
			DisableScriptedObjects (0ms)
			BackupInstance (0ms)
			ReleaseScriptingObjects (0ms)
			CreateAndSetChildDomain (1ms)
		EndReloadAssembly (409ms)
			LoadAssemblies (54ms)
			RebuildTransferFunctionScriptingTraits (0ms)
			SetupTypeCache (154ms)
			ReleaseScriptCaches (0ms)
			RebuildScriptCaches (30ms)
			SetupLoadedEditorAssemblies (156ms)
				LogAssemblyErrors (0ms)
				InitializePlatformSupportModulesInManaged (4ms)
				SetLoadedEditorAssemblies (0ms)
				RefreshPlugins (30ms)
				BeforeProcessingInitializeOnLoad (8ms)
				ProcessInitializeOnLoadAttributes (84ms)
				ProcessInitializeOnLoadMethodAttributes (30ms)
				AfterProcessingInitializeOnLoad (0ms)
				EditorAssembliesLoaded (0ms)
			ExecutionOrderSort2 (0ms)
			AwakeInstancesAfterBackupRestoration (0ms)
Platform modules already initialized, skipping
Registering precompiled user dll's ...
Registered in 0.005064 seconds.
Begin MonoManager ReloadAssembly
Native extension for WindowsStandalone target not found
Refreshing native plugins compatible for Editor in 0.85 ms, found 2 plugins.
Preloading 0 native plugins for Editor in 0.00 ms.
Mono: successfully reloaded assembly
- Completed reload, in  1.176 seconds
Domain Reload Profiling:
	ReloadAssembly (1177ms)
		BeginReloadAssembly (154ms)
			ExecutionOrderSort (0ms)
			DisableScriptedObjects (5ms)
			BackupInstance (0ms)
			ReleaseScriptingObjects (0ms)
			CreateAndSetChildDomain (19ms)
		EndReloadAssembly (954ms)
			LoadAssemblies (89ms)
			RebuildTransferFunctionScriptingTraits (0ms)
			SetupTypeCache (277ms)
			ReleaseScriptCaches (0ms)
			RebuildScriptCaches (42ms)
			SetupLoadedEditorAssemblies (406ms)
				LogAssemblyErrors (0ms)
				InitializePlatformSupportModulesInManaged (10ms)
				SetLoadedEditorAssemblies (1ms)
				RefreshPlugins (1ms)
				BeforeProcessingInitializeOnLoad (68ms)
				ProcessInitializeOnLoadAttributes (312ms)
				ProcessInitializeOnLoadMethodAttributes (5ms)
				AfterProcessingInitializeOnLoad (9ms)
				EditorAssembliesLoaded (0ms)
			ExecutionOrderSort2 (0ms)
			AwakeInstancesAfterBackupRestoration (7ms)
Platform modules already initialized, skipping
========================================================================
Worker process is ready to serve import requests
Launched and connected shader compiler UnityShaderCompiler.exe after 0.06 seconds
Refreshing native plugins compatible for Editor in 0.32 ms, found 2 plugins.
Preloading 0 native plugins for Editor in 0.00 ms.
Unloading 1433 Unused Serialized files (Serialized files now loaded: 0)
System memory in use before: 65.9 MB.
System memory in use after: 66.0 MB.

Unloading 18 unused Assets to reduce memory usage. Loaded Objects now: 1866.
Total: 2.921100 ms (FindLiveObjects: 0.149900 ms CreateObjectMapping: 0.034600 ms MarkObjects: 2.670100 ms  DeleteObjects: 0.065200 ms)

AssetImportParameters requested are different than current active one (requested -> active):
  custom:framework-win-MediaFoundation: 216162199b28c13a410421893ffa2e32 -> 
  custom:video-decoder-ogg-theora: a1e56fd34408186e4bbccfd4996cb3dc -> 
  custom:container-muxer-webm: aa71ff27fc2769a1b78a27578f13a17b -> 
  custom:container-demuxer-webm: 4f35f7cbe854078d1ac9338744f61a02 -> 
  custom:container-demuxer-ogg: 62fdf1f143b41e24485cea50d1cbac27 -> 
  custom:video-encoder-webm-vp8: eb34c28f22e8b96e1ab97ce403110664 -> 
  custom:video-decoder-webm-vp8: 9c59270c3fd7afecdb556c50c9e8de78 -> 
  custom:audio-decoder-ogg-vorbis: bf7c407c2cedff20999df2af8eb42d56 -> 
  custom:audio-encoder-webm-vorbis: bf7c407c2cedff20999df2af8eb42d56 -> 
========================================================================
Received Import Request.
  path: Assets/Materials/New Material.mat
  artifactKey: Guid(0a68df14cf69c484d8ddeaaa7d0fb583) Importer(815301076,1909f56bfc062723c751e8b465ee728b)
Start importing Assets/Materials/New Material.mat using Guid(0a68df14cf69c484d8ddeaaa7d0fb583) Importer(815301076,1909f56bfc062723c751e8b465ee728b)  -> (artifact id: '4ec80b8e2a64a601087466f1716d92c1') in 0.354848 seconds 
  Import took 0.357374 seconds .

========================================================================
Received Import Request.
  Time since last request: 0.000235 seconds.
  path: Assets/Prefabs/Collection effect.prefab
  artifactKey: Guid(996ec0348b21f44299bd943e4af38762) Importer(815301076,1909f56bfc062723c751e8b465ee728b)
Start importing Assets/Prefabs/Collection effect.prefab using Guid(996ec0348b21f44299bd943e4af38762) Importer(815301076,1909f56bfc062723c751e8b465ee728b)  -> (artifact id: 'a70d1a6098ddd8fdec4ceed41606aeb6') in 0.074284 seconds 
  Import took 0.076925 seconds .

========================================================================
Received Import Request.
  Time since last request: 0.000203 seconds.
  path: Assets/Materials/dirt.mat
  artifactKey: Guid(6d21551d619834b4ebc248d0312e48db) Importer(815301076,1909f56bfc062723c751e8b465ee728b)
Start importing Assets/Materials/dirt.mat using Guid(6d21551d619834b4ebc248d0312e48db) Importer(815301076,1909f56bfc062723c751e8b465ee728b)  -> (artifact id: 'e6a77e7a39ba0050d4f5cfaca0657064') in 0.301808 seconds 
  Import took 0.303997 seconds .

========================================================================
Received Import Request.
  Time since last request: 0.000210 seconds.
  path: Assets/Prefabs/Fire.prefab
  artifactKey: Guid(6ccc14a1e1eb543e5a4af34ed615f4bb) Importer(815301076,1909f56bfc062723c751e8b465ee728b)
Start importing Assets/Prefabs/Fire.prefab using Guid(6ccc14a1e1eb543e5a4af34ed615f4bb) Importer(815301076,1909f56bfc062723c751e8b465ee728b)  -> (artifact id: '983ba16dd4ab9f7b82cde11b8d45736a') in 0.042406 seconds 
  Import took 0.045123 seconds .

========================================================================
Received Import Request.
  Time since last request: 0.000262 seconds.
  path: Assets/Materials/SkeletonSummonPlusAttack.mat
  artifactKey: Guid(057ddd3103aa64c639a520a6c8700267) Importer(815301076,1909f56bfc062723c751e8b465ee728b)
Start importing Assets/Materials/SkeletonSummonPlusAttack.mat using Guid(057ddd3103aa64c639a520a6c8700267) Importer(815301076,1909f56bfc062723c751e8b465ee728b)  -> (artifact id: '68926c8c48b3a4281f03e3e067231ad0') in 0.013460 seconds 
  Import took 0.016214 seconds .

========================================================================
Received Import Request.
  Time since last request: 0.000186 seconds.
  path: Assets/Prefabs/Coin.prefab
  artifactKey: Guid(ce749223ffb5f439b80331c515d13199) Importer(815301076,1909f56bfc062723c751e8b465ee728b)
Start importing Assets/Prefabs/Coin.prefab using Guid(ce749223ffb5f439b80331c515d13199) Importer(815301076,1909f56bfc062723c751e8b465ee728b)  -> (artifact id: 'd38a3555cad30b9d64e28db9bbe33364') in 0.016436 seconds 
  Import took 0.018798 seconds .

========================================================================
Received Import Request.
  Time since last request: 0.000221 seconds.
  path: Assets/Prefabs/Skeleton.prefab
  artifactKey: Guid(5e2904a0ccaac450fb722e6f421a94e9) Importer(815301076,1909f56bfc062723c751e8b465ee728b)
Start importing Assets/Prefabs/Skeleton.prefab using Guid(5e2904a0ccaac450fb722e6f421a94e9) Importer(815301076,1909f56bfc062723c751e8b465ee728b)  -> (artifact id: 'a79604770fbac2f84a46e670e8aaa414') in 0.014971 seconds 
  Import took 0.017197 seconds .

========================================================================
Received Import Request.
  Time since last request: 0.000239 seconds.
  path: Assets/Prefabs/Snow.prefab
  artifactKey: Guid(330236d5df6204a838e8e662d86b27c3) Importer(815301076,1909f56bfc062723c751e8b465ee728b)
Start importing Assets/Prefabs/Snow.prefab using Guid(330236d5df6204a838e8e662d86b27c3) Importer(815301076,1909f56bfc062723c751e8b465ee728b)  -> (artifact id: '48ab519543df21f3a4119896d632bb51') in 0.015191 seconds 
  Import took 0.017917 seconds .

========================================================================
Received Import Request.
  Time since last request: 0.000292 seconds.
  path: Assets/Scenes/Particles.unity
  artifactKey: Guid(9fc0d4010bbf28b4594072e72b8655ab) Importer(815301076,1909f56bfc062723c751e8b465ee728b)
Start importing Assets/Scenes/Particles.unity using Guid(9fc0d4010bbf28b4594072e72b8655ab) Importer(815301076,1909f56bfc062723c751e8b465ee728b)  -> (artifact id: 'e4e93c37c075ed3ae23d8c610c3df18e') in 0.006641 seconds 
  Import took 0.009168 seconds .

========================================================================
Received Prepare
Registering precompiled user dll's ...
Registered in 0.004870 seconds.
Begin MonoManager ReloadAssembly
Native extension for WindowsStandalone target not found
Refreshing native plugins compatible for Editor in 0.35 ms, found 2 plugins.
Preloading 0 native plugins for Editor in 0.00 ms.
Mono: successfully reloaded assembly
- Completed reload, in  1.089 seconds
Domain Reload Profiling:
	ReloadAssembly (1089ms)
		BeginReloadAssembly (115ms)
			ExecutionOrderSort (0ms)
			DisableScriptedObjects (4ms)
			BackupInstance (0ms)
			ReleaseScriptingObjects (0ms)
			CreateAndSetChildDomain (34ms)
		EndReloadAssembly (899ms)
			LoadAssemblies (94ms)
			RebuildTransferFunctionScriptingTraits (0ms)
			SetupTypeCache (277ms)
			ReleaseScriptCaches (1ms)
			RebuildScriptCaches (38ms)
			SetupLoadedEditorAssemblies (387ms)
				LogAssemblyErrors (0ms)
				InitializePlatformSupportModulesInManaged (5ms)
				SetLoadedEditorAssemblies (1ms)
				RefreshPlugins (0ms)
				BeforeProcessingInitializeOnLoad (56ms)
				ProcessInitializeOnLoadAttributes (311ms)
				ProcessInitializeOnLoadMethodAttributes (4ms)
				AfterProcessingInitializeOnLoad (9ms)
				EditorAssembliesLoaded (0ms)
			ExecutionOrderSort2 (0ms)
			AwakeInstancesAfterBackupRestoration (7ms)
Platform modules already initialized, skipping
Refreshing native plugins compatible for Editor in 0.40 ms, found 2 plugins.
Preloading 0 native plugins for Editor in 0.00 ms.
Unloading 1427 Unused Serialized files (Serialized files now loaded: 0)
System memory in use before: 69.4 MB.
System memory in use after: 69.5 MB.

Unloading 16 unused Assets to reduce memory usage. Loaded Objects now: 1910.
Total: 3.216200 ms (FindLiveObjects: 0.228300 ms CreateObjectMapping: 0.044000 ms MarkObjects: 2.898000 ms  DeleteObjects: 0.044500 ms)

AssetImportParameters requested are different than current active one (requested -> active):
  custom:framework-win-MediaFoundation: 216162199b28c13a410421893ffa2e32 -> 
  custom:video-decoder-ogg-theora: a1e56fd34408186e4bbccfd4996cb3dc -> 
  custom:container-muxer-webm: aa71ff27fc2769a1b78a27578f13a17b -> 
  custom:container-demuxer-webm: 4f35f7cbe854078d1ac9338744f61a02 -> 
  custom:container-demuxer-ogg: 62fdf1f143b41e24485cea50d1cbac27 -> 
  custom:video-encoder-webm-vp8: eb34c28f22e8b96e1ab97ce403110664 -> 
  custom:video-decoder-webm-vp8: 9c59270c3fd7afecdb556c50c9e8de78 -> 
  custom:audio-decoder-ogg-vorbis: bf7c407c2cedff20999df2af8eb42d56 -> 
  custom:audio-encoder-webm-vorbis: bf7c407c2cedff20999df2af8eb42d56 -> 
========================================================================
Received Prepare
Registering precompiled user dll's ...
Registered in 0.004783 seconds.
Begin MonoManager ReloadAssembly
Native extension for WindowsStandalone target not found
Refreshing native plugins compatible for Editor in 0.32 ms, found 2 plugins.
Preloading 0 native plugins for Editor in 0.00 ms.
Mono: successfully reloaded assembly
- Completed reload, in  1.022 seconds
Domain Reload Profiling:
	ReloadAssembly (1022ms)
		BeginReloadAssembly (102ms)
			ExecutionOrderSort (0ms)
			DisableScriptedObjects (5ms)
			BackupInstance (0ms)
			ReleaseScriptingObjects (0ms)
			CreateAndSetChildDomain (30ms)
		EndReloadAssembly (852ms)
			LoadAssemblies (87ms)
			RebuildTransferFunctionScriptingTraits (0ms)
			SetupTypeCache (270ms)
			ReleaseScriptCaches (1ms)
			RebuildScriptCaches (38ms)
			SetupLoadedEditorAssemblies (351ms)
				LogAssemblyErrors (0ms)
				InitializePlatformSupportModulesInManaged (5ms)
				SetLoadedEditorAssemblies (0ms)
				RefreshPlugins (0ms)
				BeforeProcessingInitializeOnLoad (53ms)
				ProcessInitializeOnLoadAttributes (277ms)
				ProcessInitializeOnLoadMethodAttributes (4ms)
				AfterProcessingInitializeOnLoad (10ms)
				EditorAssembliesLoaded (0ms)
			ExecutionOrderSort2 (0ms)
			AwakeInstancesAfterBackupRestoration (8ms)
Platform modules already initialized, skipping
Refreshing native plugins compatible for Editor in 0.34 ms, found 2 plugins.
Preloading 0 native plugins for Editor in 0.00 ms.
Unloading 1427 Unused Serialized files (Serialized files now loaded: 0)
System memory in use before: 69.4 MB.
System memory in use after: 69.5 MB.

Unloading 13 unused Assets to reduce memory usage. Loaded Objects now: 1912.
Total: 3.020200 ms (FindLiveObjects: 0.185300 ms CreateObjectMapping: 0.038200 ms MarkObjects: 2.779400 ms  DeleteObjects: 0.015800 ms)

AssetImportParameters requested are different than current active one (requested -> active):
  custom:framework-win-MediaFoundation: 216162199b28c13a410421893ffa2e32 -> 
  custom:video-decoder-ogg-theora: a1e56fd34408186e4bbccfd4996cb3dc -> 
  custom:container-muxer-webm: aa71ff27fc2769a1b78a27578f13a17b -> 
  custom:container-demuxer-webm: 4f35f7cbe854078d1ac9338744f61a02 -> 
  custom:container-demuxer-ogg: 62fdf1f143b41e24485cea50d1cbac27 -> 
  custom:video-encoder-webm-vp8: eb34c28f22e8b96e1ab97ce403110664 -> 
  custom:video-decoder-webm-vp8: 9c59270c3fd7afecdb556c50c9e8de78 -> 
  custom:audio-decoder-ogg-vorbis: bf7c407c2cedff20999df2af8eb42d56 -> 
  custom:audio-encoder-webm-vorbis: bf7c407c2cedff20999df2af8eb42d56 -> 
========================================================================
Received Import Request.
  Time since last request: 111.167561 seconds.
  path: Assets/Scenes/Scene.unity
  artifactKey: Guid(9fc0d4010bbf28b4594072e72b8655ab) Importer(815301076,1909f56bfc062723c751e8b465ee728b)
Start importing Assets/Scenes/Scene.unity using Guid(9fc0d4010bbf28b4594072e72b8655ab) Importer(815301076,1909f56bfc062723c751e8b465ee728b)  -> (artifact id: '4f0cffc6525f9176385cf05036965f38') in 0.015648 seconds 
  Import took 0.018004 seconds .

========================================================================
Received Prepare
Registering precompiled user dll's ...
Registered in 0.004836 seconds.
Begin MonoManager ReloadAssembly
Native extension for WindowsStandalone target not found
Refreshing native plugins compatible for Editor in 0.31 ms, found 2 plugins.
Preloading 0 native plugins for Editor in 0.00 ms.
Mono: successfully reloaded assembly
- Completed reload, in  1.092 seconds
Domain Reload Profiling:
	ReloadAssembly (1092ms)
		BeginReloadAssembly (107ms)
			ExecutionOrderSort (0ms)
			DisableScriptedObjects (5ms)
			BackupInstance (0ms)
			ReleaseScriptingObjects (0ms)
			CreateAndSetChildDomain (30ms)
		EndReloadAssembly (916ms)
			LoadAssemblies (89ms)
			RebuildTransferFunctionScriptingTraits (0ms)
			SetupTypeCache (271ms)
			ReleaseScriptCaches (1ms)
			RebuildScriptCaches (39ms)
			SetupLoadedEditorAssemblies (355ms)
				LogAssemblyErrors (0ms)
				InitializePlatformSupportModulesInManaged (5ms)
				SetLoadedEditorAssemblies (0ms)
				RefreshPlugins (0ms)
				BeforeProcessingInitializeOnLoad (55ms)
				ProcessInitializeOnLoadAttributes (281ms)
				ProcessInitializeOnLoadMethodAttributes (4ms)
				AfterProcessingInitializeOnLoad (9ms)
				EditorAssembliesLoaded (0ms)
			ExecutionOrderSort2 (0ms)
			AwakeInstancesAfterBackupRestoration (7ms)
Platform modules already initialized, skipping
Refreshing native plugins compatible for Editor in 0.34 ms, found 2 plugins.
Preloading 0 native plugins for Editor in 0.00 ms.
Unloading 1427 Unused Serialized files (Serialized files now loaded: 0)
System memory in use before: 69.4 MB.
System memory in use after: 69.5 MB.

Unloading 13 unused Assets to reduce memory usage. Loaded Objects now: 1914.
Total: 3.192300 ms (FindLiveObjects: 0.192800 ms CreateObjectMapping: 0.037900 ms MarkObjects: 2.941000 ms  DeleteObjects: 0.018200 ms)

AssetImportParameters requested are different than current active one (requested -> active):
  custom:framework-win-MediaFoundation: 216162199b28c13a410421893ffa2e32 -> 
  custom:video-decoder-ogg-theora: a1e56fd34408186e4bbccfd4996cb3dc -> 
  custom:container-muxer-webm: aa71ff27fc2769a1b78a27578f13a17b -> 
  custom:container-demuxer-webm: 4f35f7cbe854078d1ac9338744f61a02 -> 
  custom:container-demuxer-ogg: 62fdf1f143b41e24485cea50d1cbac27 -> 
  custom:video-encoder-webm-vp8: eb34c28f22e8b96e1ab97ce403110664 -> 
  custom:video-decoder-webm-vp8: 9c59270c3fd7afecdb556c50c9e8de78 -> 
  custom:audio-decoder-ogg-vorbis: bf7c407c2cedff20999df2af8eb42d56 -> 
  custom:audio-encoder-webm-vorbis: bf7c407c2cedff20999df2af8eb42d56 -> 
========================================================================
Received Import Request.
  Time since last request: 67.055255 seconds.
  path: Assets/Prefabs/Collection effect.prefab
  artifactKey: Guid(996ec0348b21f44299bd943e4af38762) Importer(815301076,1909f56bfc062723c751e8b465ee728b)
Start importing Assets/Prefabs/Collection effect.prefab using Guid(996ec0348b21f44299bd943e4af38762) Importer(815301076,1909f56bfc062723c751e8b465ee728b)  -> (artifact id: 'a2973ff9bafba41330249caf00fb533c') in 0.057130 seconds 
  Import took 0.059641 seconds .

========================================================================
Received Prepare
Registering precompiled user dll's ...
Registered in 0.005425 seconds.
Begin MonoManager ReloadAssembly
Native extension for WindowsStandalone target not found
Refreshing native plugins compatible for Editor in 0.32 ms, found 2 plugins.
Preloading 0 native plugins for Editor in 0.00 ms.
Mono: successfully reloaded assembly
- Completed reload, in  1.053 seconds
Domain Reload Profiling:
	ReloadAssembly (1054ms)
		BeginReloadAssembly (103ms)
			ExecutionOrderSort (0ms)
			DisableScriptedObjects (5ms)
			BackupInstance (0ms)
			ReleaseScriptingObjects (0ms)
			CreateAndSetChildDomain (31ms)
		EndReloadAssembly (882ms)
			LoadAssemblies (85ms)
			RebuildTransferFunctionScriptingTraits (0ms)
			SetupTypeCache (275ms)
			ReleaseScriptCaches (1ms)
			RebuildScriptCaches (41ms)
			SetupLoadedEditorAssemblies (365ms)
				LogAssemblyErrors (0ms)
				InitializePlatformSupportModulesInManaged (5ms)
				SetLoadedEditorAssemblies (0ms)
				RefreshPlugins (0ms)
				BeforeProcessingInitializeOnLoad (55ms)
				ProcessInitializeOnLoadAttributes (290ms)
				ProcessInitializeOnLoadMethodAttributes (4ms)
				AfterProcessingInitializeOnLoad (9ms)
				EditorAssembliesLoaded (0ms)
			ExecutionOrderSort2 (0ms)
			AwakeInstancesAfterBackupRestoration (8ms)
Platform modules already initialized, skipping
Refreshing native plugins compatible for Editor in 0.43 ms, found 2 plugins.
Preloading 0 native plugins for Editor in 0.00 ms.
Unloading 1427 Unused Serialized files (Serialized files now loaded: 0)
System memory in use before: 69.5 MB.
System memory in use after: 69.6 MB.

Unloading 15 unused Assets to reduce memory usage. Loaded Objects now: 1917.
Total: 3.275200 ms (FindLiveObjects: 0.221800 ms CreateObjectMapping: 0.033900 ms MarkObjects: 2.970900 ms  DeleteObjects: 0.047200 ms)

AssetImportParameters requested are different than current active one (requested -> active):
  custom:framework-win-MediaFoundation: 216162199b28c13a410421893ffa2e32 -> 
  custom:video-decoder-ogg-theora: a1e56fd34408186e4bbccfd4996cb3dc -> 
  custom:container-muxer-webm: aa71ff27fc2769a1b78a27578f13a17b -> 
  custom:container-demuxer-webm: 4f35f7cbe854078d1ac9338744f61a02 -> 
  custom:container-demuxer-ogg: 62fdf1f143b41e24485cea50d1cbac27 -> 
  custom:video-encoder-webm-vp8: eb34c28f22e8b96e1ab97ce403110664 -> 
  custom:video-decoder-webm-vp8: 9c59270c3fd7afecdb556c50c9e8de78 -> 
  custom:audio-decoder-ogg-vorbis: bf7c407c2cedff20999df2af8eb42d56 -> 
  custom:audio-encoder-webm-vorbis: bf7c407c2cedff20999df2af8eb42d56 -> 
========================================================================
Received Prepare
Registering precompiled user dll's ...
Registered in 0.004905 seconds.
Begin MonoManager ReloadAssembly
Native extension for WindowsStandalone target not found
Refreshing native plugins compatible for Editor in 0.41 ms, found 2 plugins.
Preloading 0 native plugins for Editor in 0.00 ms.
Mono: successfully reloaded assembly
- Completed reload, in  1.020 seconds
Domain Reload Profiling:
	ReloadAssembly (1020ms)
		BeginReloadAssembly (105ms)
			ExecutionOrderSort (0ms)
			DisableScriptedObjects (5ms)
			BackupInstance (0ms)
			ReleaseScriptingObjects (0ms)
			CreateAndSetChildDomain (31ms)
		EndReloadAssembly (846ms)
			LoadAssemblies (86ms)
			RebuildTransferFunctionScriptingTraits (0ms)
			SetupTypeCache (264ms)
			ReleaseScriptCaches (1ms)
			RebuildScriptCaches (40ms)
			SetupLoadedEditorAssemblies (352ms)
				LogAssemblyErrors (0ms)
				InitializePlatformSupportModulesInManaged (5ms)
				SetLoadedEditorAssemblies (0ms)
				RefreshPlugins (0ms)
				BeforeProcessingInitializeOnLoad (53ms)
				ProcessInitializeOnLoadAttributes (280ms)
				ProcessInitializeOnLoadMethodAttributes (4ms)
				AfterProcessingInitializeOnLoad (9ms)
				EditorAssembliesLoaded (0ms)
			ExecutionOrderSort2 (0ms)
			AwakeInstancesAfterBackupRestoration (7ms)
Platform modules already initialized, skipping
Refreshing native plugins compatible for Editor in 0.42 ms, found 2 plugins.
Preloading 0 native plugins for Editor in 0.00 ms.
Unloading 1427 Unused Serialized files (Serialized files now loaded: 0)
System memory in use before: 69.5 MB.
System memory in use after: 69.6 MB.

Unloading 13 unused Assets to reduce memory usage. Loaded Objects now: 1919.
Total: 2.903900 ms (FindLiveObjects: 0.172800 ms CreateObjectMapping: 0.033600 ms MarkObjects: 2.676600 ms  DeleteObjects: 0.019500 ms)

AssetImportParameters requested are different than current active one (requested -> active):
  custom:framework-win-MediaFoundation: 216162199b28c13a410421893ffa2e32 -> 
  custom:video-decoder-ogg-theora: a1e56fd34408186e4bbccfd4996cb3dc -> 
  custom:container-muxer-webm: aa71ff27fc2769a1b78a27578f13a17b -> 
  custom:container-demuxer-webm: 4f35f7cbe854078d1ac9338744f61a02 -> 
  custom:container-demuxer-ogg: 62fdf1f143b41e24485cea50d1cbac27 -> 
  custom:video-encoder-webm-vp8: eb34c28f22e8b96e1ab97ce403110664 -> 
  custom:video-decoder-webm-vp8: 9c59270c3fd7afecdb556c50c9e8de78 -> 
  custom:audio-decoder-ogg-vorbis: bf7c407c2cedff20999df2af8eb42d56 -> 
  custom:audio-encoder-webm-vorbis: bf7c407c2cedff20999df2af8eb42d56 -> 
========================================================================
Received Import Request.
  Time since last request: 104.080996 seconds.
  path: Assets/sprites/bushL2.png
  artifactKey: Guid(cf8654d734c634f9da840e413f1b1b72) Importer(815301076,1909f56bfc062723c751e8b465ee728b)
Start importing Assets/sprites/bushL2.png using Guid(cf8654d734c634f9da840e413f1b1b72) Importer(815301076,1909f56bfc062723c751e8b465ee728b)  -> (artifact id: '1d156eb5c0d7b93d6e7dd8ca813b5ceb') in 0.083457 seconds 
  Import took 0.086145 seconds .

========================================================================
Received Import Request.
  Time since last request: 0.000211 seconds.
  path: Assets/sprites/SkeletonSummonPlusAttack.png
  artifactKey: Guid(c8bb4556e26d14d91bd91b9b711c8cd5) Importer(815301076,1909f56bfc062723c751e8b465ee728b)
Start importing Assets/sprites/SkeletonSummonPlusAttack.png using Guid(c8bb4556e26d14d91bd91b9b711c8cd5) Importer(815301076,1909f56bfc062723c751e8b465ee728b)  -> (artifact id: 'd6c51b4b957bbff58199a842dfc63cdb') in 0.045558 seconds 
  Import took 0.047667 seconds .

========================================================================
Received Import Request.
  Time since last request: 0.000198 seconds.
  path: Assets/sprites/tree.png
  artifactKey: Guid(65ea9ed4515404bedbfa22e02f1faf45) Importer(815301076,1909f56bfc062723c751e8b465ee728b)
Start importing Assets/sprites/tree.png using Guid(65ea9ed4515404bedbfa22e02f1faf45) Importer(815301076,1909f56bfc062723c751e8b465ee728b)  -> (artifact id: 'b2dd90a7b075d53ce83a0da83dda8560') in 0.016709 seconds 
  Import took 0.019152 seconds .

========================================================================
Received Import Request.
  Time since last request: 0.000227 seconds.
  path: Assets/sprites/farHillsAndSky.png
  artifactKey: Guid(cbe87da678ad44e029032031e6bc47dc) Importer(815301076,1909f56bfc062723c751e8b465ee728b)
Start importing Assets/sprites/farHillsAndSky.png using Guid(cbe87da678ad44e029032031e6bc47dc) Importer(815301076,1909f56bfc062723c751e8b465ee728b)  -> (artifact id: '1e3e653911c8a052b9a8245170415794') in 0.015449 seconds 
  Import took 0.017954 seconds .

========================================================================
Received Import Request.
  Time since last request: 0.000215 seconds.
  path: Assets/sprites/farTree.png
  artifactKey: Guid(5ac4eb6105ab44a05bafbce8c4f7c783) Importer(815301076,1909f56bfc062723c751e8b465ee728b)
Start importing Assets/sprites/farTree.png using Guid(5ac4eb6105ab44a05bafbce8c4f7c783) Importer(815301076,1909f56bfc062723c751e8b465ee728b)  -> (artifact id: 'd92a68692bfa96dfd0923d14e9f9b844') in 0.011523 seconds 
  Import took 0.013600 seconds .

========================================================================
Received Import Request.
  Time since last request: 0.000267 seconds.
  path: Assets/sprites/ground.png
  artifactKey: Guid(ff1b09df307f449af876a519ef2e9d18) Importer(815301076,1909f56bfc062723c751e8b465ee728b)
Start importing Assets/sprites/ground.png using Guid(ff1b09df307f449af876a519ef2e9d18) Importer(815301076,1909f56bfc062723c751e8b465ee728b)  -> (artifact id: '3d6a7c1f076b3341571969425eb0cef2') in 0.015608 seconds 
  Import took 0.018269 seconds .

========================================================================
Received Import Request.
  Time since last request: 0.000193 seconds.
  path: Assets/sprites/midHills.png
  artifactKey: Guid(fb7e9f86f5e6e4a83b78ca31c4baf5b4) Importer(815301076,1909f56bfc062723c751e8b465ee728b)
Start importing Assets/sprites/midHills.png using Guid(fb7e9f86f5e6e4a83b78ca31c4baf5b4) Importer(815301076,1909f56bfc062723c751e8b465ee728b)  -> (artifact id: '1514c6979fad8c244f50ede886ced1cc') in 0.016236 seconds 
  Import took 0.018416 seconds .

========================================================================
Received Import Request.
  Time since last request: 0.000200 seconds.
  path: Assets/sprites/lake.png
  artifactKey: Guid(438d22fe39ccd4e3689cfd1041e5f6a4) Importer(815301076,1909f56bfc062723c751e8b465ee728b)
Start importing Assets/sprites/lake.png using Guid(438d22fe39ccd4e3689cfd1041e5f6a4) Importer(815301076,1909f56bfc062723c751e8b465ee728b)  -> (artifact id: 'e8d9043e626263c5cc1e9e86aea3877d') in 0.015423 seconds 
  Import took 0.017662 seconds .

========================================================================
Received Import Request.
  Time since last request: 0.000210 seconds.
  path: Assets/sprites/grassLight.png
  artifactKey: Guid(6cf948e2491474f249994d7b8dadee6e) Importer(815301076,1909f56bfc062723c751e8b465ee728b)
Start importing Assets/sprites/grassLight.png using Guid(6cf948e2491474f249994d7b8dadee6e) Importer(815301076,1909f56bfc062723c751e8b465ee728b)  -> (artifact id: '767f28ec394a90d97683b8f737726799') in 0.015746 seconds 
  Import took 0.018316 seconds .

========================================================================
Received Import Request.
  Time since last request: 0.000210 seconds.
  path: Assets/sprites/rock1.png
  artifactKey: Guid(67ca8e497cc6e413faba66c0ff18829d) Importer(815301076,1909f56bfc062723c751e8b465ee728b)
Start importing Assets/sprites/rock1.png using Guid(67ca8e497cc6e413faba66c0ff18829d) Importer(815301076,1909f56bfc062723c751e8b465ee728b)  -> (artifact id: 'eb1495315b376ba121461e7566b0f77a') in 0.019650 seconds 
  Import took 0.022042 seconds .

========================================================================
Received Import Request.
  Time since last request: 0.000178 seconds.
  path: Assets/sprites/grassLight.png
  artifactKey: Guid(6cf948e2491474f249994d7b8dadee6e) Importer(815301076,1909f56bfc062723c751e8b465ee728b)
Start importing Assets/sprites/grassLight.png using Guid(6cf948e2491474f249994d7b8dadee6e) Importer(815301076,1909f56bfc062723c751e8b465ee728b)  -> (artifact id: '767f28ec394a90d97683b8f737726799') in 0.010934 seconds 
  Import took 0.013152 seconds .

========================================================================
Received Import Request.
  Time since last request: 0.000237 seconds.
  path: Assets/sprites/rock1.png
  artifactKey: Guid(67ca8e497cc6e413faba66c0ff18829d) Importer(815301076,1909f56bfc062723c751e8b465ee728b)
Start importing Assets/sprites/rock1.png using Guid(67ca8e497cc6e413faba66c0ff18829d) Importer(815301076,1909f56bfc062723c751e8b465ee728b)  -> (artifact id: 'eb1495315b376ba121461e7566b0f77a') in 0.016339 seconds 
  Import took 0.018773 seconds .

========================================================================
Received Import Request.
  Time since last request: 56.139388 seconds.
  path: Assets/Materials
  artifactKey: Guid(292998b26cc5046cbbeb46455369b1ed) Importer(815301076,1909f56bfc062723c751e8b465ee728b)
Start importing Assets/Materials using Guid(292998b26cc5046cbbeb46455369b1ed) Importer(815301076,1909f56bfc062723c751e8b465ee728b)  -> (artifact id: '4d61239be87e755b4c04166101a75e5b') in 0.006970 seconds 
  Import took 0.009745 seconds .

========================================================================
Received Import Request.
  Time since last request: 2.303755 seconds.
  path: Assets/Animations
  artifactKey: Guid(b34b036d962af48f2a6fe8676849dcd3) Importer(815301076,1909f56bfc062723c751e8b465ee728b)
Start importing Assets/Animations using Guid(b34b036d962af48f2a6fe8676849dcd3) Importer(815301076,1909f56bfc062723c751e8b465ee728b)  -> (artifact id: '7843c59ef2bb4017847244d0ceee11e0') in 0.006080 seconds 
  Import took 0.008376 seconds .

========================================================================
Received Import Request.
  Time since last request: 2.044290 seconds.
  path: Assets/Animations/New Animation.anim
  artifactKey: Guid(279395749df974106806f29e9eb05398) Importer(815301076,1909f56bfc062723c751e8b465ee728b)
Start importing Assets/Animations/New Animation.anim using Guid(279395749df974106806f29e9eb05398) Importer(815301076,1909f56bfc062723c751e8b465ee728b)  -> (artifact id: 'ca8da4b2a2dad625a6cad8aa56725eb6') in 0.010624 seconds 
  Import took 0.013029 seconds .

========================================================================
Received Import Request.
  Time since last request: 1.222530 seconds.
  path: Assets/Animations/Skeleton_attack.anim
  artifactKey: Guid(2a3e5840952e341e985f8d751fd580cd) Importer(815301076,1909f56bfc062723c751e8b465ee728b)
Start importing Assets/Animations/Skeleton_attack.anim using Guid(2a3e5840952e341e985f8d751fd580cd) Importer(815301076,1909f56bfc062723c751e8b465ee728b)  -> (artifact id: 'de76d10fffd9e3b4785f0caf17ea0c7a') in 0.008844 seconds 
  Import took 0.011162 seconds .

========================================================================
Received Import Request.
  Time since last request: 5.327183 seconds.
  path: Assets/Animations/Skeleton_dead.anim
  artifactKey: Guid(2a444785fa7c94183b2b4a06aee90037) Importer(815301076,1909f56bfc062723c751e8b465ee728b)
Start importing Assets/Animations/Skeleton_dead.anim using Guid(2a444785fa7c94183b2b4a06aee90037) Importer(815301076,1909f56bfc062723c751e8b465ee728b)  -> (artifact id: '14d144ebde10cc214a8a0d9a72d76ba3') in 0.006904 seconds 
  Import took 0.009254 seconds .

========================================================================
Received Import Request.
  Time since last request: 0.597725 seconds.
  path: Assets/Animations/Skeleton_idle.anim
  artifactKey: Guid(fc0734b57ef8f43518b90497d6de6434) Importer(815301076,1909f56bfc062723c751e8b465ee728b)
Start importing Assets/Animations/Skeleton_idle.anim using Guid(fc0734b57ef8f43518b90497d6de6434) Importer(815301076,1909f56bfc062723c751e8b465ee728b)  -> (artifact id: '66f7c999c2331217717bf0a26416b266') in 0.007048 seconds 
  Import took 0.009352 seconds .

========================================================================
Received Import Request.
  Time since last request: 0.347950 seconds.
  path: Assets/Animations/Skeleton_summon.anim
  artifactKey: Guid(6404d48800bba4d0db246f38c0666ddc) Importer(815301076,1909f56bfc062723c751e8b465ee728b)
Start importing Assets/Animations/Skeleton_summon.anim using Guid(6404d48800bba4d0db246f38c0666ddc) Importer(815301076,1909f56bfc062723c751e8b465ee728b)  -> (artifact id: '43ea7d6b825c9dbde415a0b199b01452') in 0.007042 seconds 
  Import took 0.009366 seconds .

========================================================================
Received Prepare
Registering precompiled user dll's ...
Registered in 0.005300 seconds.
Begin MonoManager ReloadAssembly
Native extension for WindowsStandalone target not found
Refreshing native plugins compatible for Editor in 0.35 ms, found 2 plugins.
Preloading 0 native plugins for Editor in 0.00 ms.
Mono: successfully reloaded assembly
- Completed reload, in  1.028 seconds
Domain Reload Profiling:
	ReloadAssembly (1028ms)
		BeginReloadAssembly (106ms)
			ExecutionOrderSort (0ms)
			DisableScriptedObjects (5ms)
			BackupInstance (0ms)
			ReleaseScriptingObjects (0ms)
			CreateAndSetChildDomain (30ms)
		EndReloadAssembly (854ms)
			LoadAssemblies (88ms)
			RebuildTransferFunctionScriptingTraits (0ms)
			SetupTypeCache (274ms)
			ReleaseScriptCaches (1ms)
			RebuildScriptCaches (38ms)
			SetupLoadedEditorAssemblies (351ms)
				LogAssemblyErrors (0ms)
				InitializePlatformSupportModulesInManaged (5ms)
				SetLoadedEditorAssemblies (0ms)
				RefreshPlugins (0ms)
				BeforeProcessingInitializeOnLoad (52ms)
				ProcessInitializeOnLoadAttributes (278ms)
				ProcessInitializeOnLoadMethodAttributes (5ms)
				AfterProcessingInitializeOnLoad (10ms)
				EditorAssembliesLoaded (0ms)
			ExecutionOrderSort2 (0ms)
			AwakeInstancesAfterBackupRestoration (7ms)
Platform modules already initialized, skipping
Refreshing native plugins compatible for Editor in 0.35 ms, found 2 plugins.
Preloading 0 native plugins for Editor in 0.00 ms.
Unloading 1427 Unused Serialized files (Serialized files now loaded: 0)
System memory in use before: 69.6 MB.
System memory in use after: 69.7 MB.

Unloading 13 unused Assets to reduce memory usage. Loaded Objects now: 1942.
Total: 2.921000 ms (FindLiveObjects: 0.163200 ms CreateObjectMapping: 0.033100 ms MarkObjects: 2.705200 ms  DeleteObjects: 0.018100 ms)

AssetImportParameters requested are different than current active one (requested -> active):
  custom:framework-win-MediaFoundation: 216162199b28c13a410421893ffa2e32 -> 
  custom:video-decoder-ogg-theora: a1e56fd34408186e4bbccfd4996cb3dc -> 
  custom:container-muxer-webm: aa71ff27fc2769a1b78a27578f13a17b -> 
  custom:container-demuxer-webm: 4f35f7cbe854078d1ac9338744f61a02 -> 
  custom:container-demuxer-ogg: 62fdf1f143b41e24485cea50d1cbac27 -> 
  custom:video-encoder-webm-vp8: eb34c28f22e8b96e1ab97ce403110664 -> 
  custom:video-decoder-webm-vp8: 9c59270c3fd7afecdb556c50c9e8de78 -> 
  custom:audio-decoder-ogg-vorbis: bf7c407c2cedff20999df2af8eb42d56 -> 
  custom:audio-encoder-webm-vorbis: bf7c407c2cedff20999df2af8eb42d56 -> 
========================================================================
Received Import Request.
  Time since last request: 58.018645 seconds.
  path: Packages/com.unity.test-framework
  artifactKey: Guid(6023f2b823fc19b4e4a90875281ff117) Importer(815301076,1909f56bfc062723c751e8b465ee728b)
Start importing Packages/com.unity.test-framework using Guid(6023f2b823fc19b4e4a90875281ff117) Importer(815301076,1909f56bfc062723c751e8b465ee728b)  -> (artifact id: '7b3fecfc8d873fe96244889d860a7252') in 0.009315 seconds 
  Import took 0.012125 seconds .

========================================================================
Received Import Request.
  Time since last request: 0.131801 seconds.
  path: Packages/com.unity.test-framework/package.json
  artifactKey: Guid(d6a2e6e4803de7b43baacdc355fc144d) Importer(815301076,1909f56bfc062723c751e8b465ee728b)
Start importing Packages/com.unity.test-framework/package.json using Guid(d6a2e6e4803de7b43baacdc355fc144d) Importer(815301076,1909f56bfc062723c751e8b465ee728b)  -> (artifact id: '100179ef5992d6ac0239f9a02bae69ee') in 0.015832 seconds 
  Import took 0.018110 seconds .

========================================================================
Received Import Request.
  Time since last request: 3.521908 seconds.
  path: Assets/Textures
  artifactKey: Guid(a213b06537fa644ce9532bf7217e40b8) Importer(815301076,1909f56bfc062723c751e8b465ee728b)
Start importing Assets/Textures using Guid(a213b06537fa644ce9532bf7217e40b8) Importer(815301076,1909f56bfc062723c751e8b465ee728b)  -> (artifact id: '4193a3a4bd92d7ad8858b764f3b6ec76') in 0.006561 seconds 
  Import took 0.009156 seconds .

========================================================================
Received Import Request.
  Time since last request: 0.071063 seconds.
  path: Assets/Textures/dirt_ground_ambientocclusion.png
  artifactKey: Guid(e4603325eb5484883b0b61b7533a2517) Importer(815301076,1909f56bfc062723c751e8b465ee728b)
Start importing Assets/Textures/dirt_ground_ambientocclusion.png using Guid(e4603325eb5484883b0b61b7533a2517) Importer(815301076,1909f56bfc062723c751e8b465ee728b)  -> (artifact id: '03cf62b7601c603d3edd17c6e363f4b4') in 0.028504 seconds 
  Import took 0.030873 seconds .

========================================================================
Received Import Request.
  Time since last request: 0.000221 seconds.
  path: Assets/Textures/dirt_ground_basecolor.png
  artifactKey: Guid(6ce6e797089b3401ca5333675d131111) Importer(815301076,1909f56bfc062723c751e8b465ee728b)
Start importing Assets/Textures/dirt_ground_basecolor.png using Guid(6ce6e797089b3401ca5333675d131111) Importer(815301076,1909f56bfc062723c751e8b465ee728b)  -> (artifact id: 'e6c2807c555a7a9d3901ee47e11a8189') in 0.015163 seconds 
  Import took 0.017820 seconds .

========================================================================
Received Import Request.
  Time since last request: 0.000250 seconds.
  path: Assets/Textures/dirt_ground_roughness.png
  artifactKey: Guid(ef6b869011fd04c109e523cf2e6097b9) Importer(815301076,1909f56bfc062723c751e8b465ee728b)
Start importing Assets/Textures/dirt_ground_roughness.png using Guid(ef6b869011fd04c109e523cf2e6097b9) Importer(815301076,1909f56bfc062723c751e8b465ee728b)  -> (artifact id: '0cb22fc4cb5a392d4b961a32e10b6479') in 0.016262 seconds 
  Import took 0.019342 seconds .

========================================================================
Received Import Request.
  Time since last request: 0.000240 seconds.
  path: Assets/Textures/dirt_ground_normal.png
  artifactKey: Guid(410619c97a6cc47febcc2cc06fe8640b) Importer(815301076,1909f56bfc062723c751e8b465ee728b)
Start importing Assets/Textures/dirt_ground_normal.png using Guid(410619c97a6cc47febcc2cc06fe8640b) Importer(815301076,1909f56bfc062723c751e8b465ee728b)  -> (artifact id: '59021fb8569735a77f9bb8c59f6ebdf9') in 0.024144 seconds 
  Import took 0.026897 seconds .

========================================================================
Received Import Request.
  Time since last request: 0.000246 seconds.
  path: Assets/Textures/dirt_ground_height.png
  artifactKey: Guid(1be60b25d52594dceaf1a910bf37e1a3) Importer(815301076,1909f56bfc062723c751e8b465ee728b)
Start importing Assets/Textures/dirt_ground_height.png using Guid(1be60b25d52594dceaf1a910bf37e1a3) Importer(815301076,1909f56bfc062723c751e8b465ee728b)  -> (artifact id: '20281703c23895104a4cc423676e4043') in 0.014814 seconds 
  Import took 0.017897 seconds .

========================================================================
Received Import Request.
  Time since last request: 3.747461 seconds.
  path: Packages/com.unity.2d.sprite
  artifactKey: Guid(0901a6b758d060e9422c4f8d588d5895) Importer(815301076,1909f56bfc062723c751e8b465ee728b)
Start importing Packages/com.unity.2d.sprite using Guid(0901a6b758d060e9422c4f8d588d5895) Importer(815301076,1909f56bfc062723c751e8b465ee728b)  -> (artifact id: '1ac9f0859ed1eccac4506b3b2480e9d0') in 0.006452 seconds 
  Import took 0.009066 seconds .

========================================================================
Received Import Request.
  Time since last request: 0.001201 seconds.
  path: Packages/com.unity.2d.sprite
  artifactKey: Guid(0901a6b758d060e9422c4f8d588d5895) Importer(815301076,1909f56bfc062723c751e8b465ee728b)
Start importing Packages/com.unity.2d.sprite using Guid(0901a6b758d060e9422c4f8d588d5895) Importer(815301076,1909f56bfc062723c751e8b465ee728b)  -> (artifact id: '1ac9f0859ed1eccac4506b3b2480e9d0') in 0.002305 seconds 
  Import took 0.004523 seconds .

========================================================================
Received Import Request.
  Time since last request: 0.065369 seconds.
  path: Packages/com.unity.2d.sprite/package.json
  artifactKey: Guid(7dc5f1e5d04ac8549ac21802071e983b) Importer(815301076,1909f56bfc062723c751e8b465ee728b)
Start importing Packages/com.unity.2d.sprite/package.json using Guid(7dc5f1e5d04ac8549ac21802071e983b) Importer(815301076,1909f56bfc062723c751e8b465ee728b)  -> (artifact id: 'ff87128bdf6981a9843158b29f26b2df') in 0.002985 seconds 
  Import took 0.005564 seconds .

========================================================================
Received Import Request.
  Time since last request: 0.765989 seconds.
  path: Packages/com.unity.2d.sprite/Editor
  artifactKey: Guid(16fa2ad734f422245b86558310973ad1) Importer(815301076,1909f56bfc062723c751e8b465ee728b)
Start importing Packages/com.unity.2d.sprite/Editor using Guid(16fa2ad734f422245b86558310973ad1) Importer(815301076,1909f56bfc062723c751e8b465ee728b)  -> (artifact id: '9729fdc7d07b271ef5be2d84a579c6a2') in 0.007270 seconds 
  Import took 0.009882 seconds .

========================================================================
Received Import Request.
  Time since last request: 0.085639 seconds.
  path: Packages/com.unity.2d.sprite/Editor/Unity.2D.Sprite.Editor.asmdef
  artifactKey: Guid(2c573e6b271651846a79655161004c5b) Importer(815301076,1909f56bfc062723c751e8b465ee728b)
Start importing Packages/com.unity.2d.sprite/Editor/Unity.2D.Sprite.Editor.asmdef using Guid(2c573e6b271651846a79655161004c5b) Importer(815301076,1909f56bfc062723c751e8b465ee728b)  -> (artifact id: '75d9bb45d92a02f508ba32d52934c281') in 0.008169 seconds 
  Import took 0.010432 seconds .

========================================================================
Received Import Request.
  Time since last request: 24.539321 seconds.
  path: Assets/Scripts
  artifactKey: Guid(7e256247a63344ea596acfc9fbb38903) Importer(815301076,1909f56bfc062723c751e8b465ee728b)
Start importing Assets/Scripts using Guid(7e256247a63344ea596acfc9fbb38903) Importer(815301076,1909f56bfc062723c751e8b465ee728b)  -> (artifact id: '73da1da27729d29a0bfecb178331d037') in 0.005786 seconds 
  Import took 0.008466 seconds .

========================================================================
Received Import Request.
  Time since last request: 0.159871 seconds.
  path: Assets/sprites
  artifactKey: Guid(d09cfc6b99d85415bb8f326b2aef7180) Importer(815301076,1909f56bfc062723c751e8b465ee728b)
Start importing Assets/sprites using Guid(d09cfc6b99d85415bb8f326b2aef7180) Importer(815301076,1909f56bfc062723c751e8b465ee728b)  -> (artifact id: 'e478bb0de5cf75afd6a1454b13934c2b') in 0.005691 seconds 
  Import took 0.007900 seconds .

========================================================================
Received Import Request.
  Time since last request: 0.049575 seconds.
  path: Assets/Scripts/PlayerMovement.cs
  artifactKey: Guid(706ee490b6446453986a3e7f75a8ac3c) Importer(815301076,1909f56bfc062723c751e8b465ee728b)
Start importing Assets/Scripts/PlayerMovement.cs using Guid(706ee490b6446453986a3e7f75a8ac3c) Importer(815301076,1909f56bfc062723c751e8b465ee728b)  -> (artifact id: '883d40f4aed051566653ac7ecb2a1e09') in 0.015441 seconds 
  Import took 0.017708 seconds .

========================================================================
Received Import Request.
  Time since last request: 0.013650 seconds.
  path: Assets/Animations/SkeletonSummonPlusAttack_0 (1).controller
  artifactKey: Guid(f9cb2945a41124750992574be1d5b359) Importer(815301076,1909f56bfc062723c751e8b465ee728b)
Start importing Assets/Animations/SkeletonSummonPlusAttack_0 (1).controller using Guid(f9cb2945a41124750992574be1d5b359) Importer(815301076,1909f56bfc062723c751e8b465ee728b)  -> (artifact id: '46ed04ca4f9282c508fc6ef3bf16a3d4') in 0.008720 seconds 
  Import took 0.010995 seconds .

========================================================================
Received Import Request.
  Time since last request: 0.012804 seconds.
  path: Assets/Scripts/Collection.cs
  artifactKey: Guid(d56be7650b9834065b8576bee989eab8) Importer(815301076,1909f56bfc062723c751e8b465ee728b)
Start importing Assets/Scripts/Collection.cs using Guid(d56be7650b9834065b8576bee989eab8) Importer(815301076,1909f56bfc062723c751e8b465ee728b)  -> (artifact id: '3fb4f7ef56b068c455a5f07f2ba79386') in 0.006006 seconds 
  Import took 0.008536 seconds .

========================================================================
Received Import Request.
  Time since last request: 0.004149 seconds.
  path: Assets/Scenes
  artifactKey: Guid(f53a2160c7fd1465699007ea5dfb5cd4) Importer(815301076,1909f56bfc062723c751e8b465ee728b)
Start importing Assets/Scenes using Guid(f53a2160c7fd1465699007ea5dfb5cd4) Importer(815301076,1909f56bfc062723c751e8b465ee728b)  -> (artifact id: '645d5b56b0e7b00de87d13b84375fc4d') in 0.005957 seconds 
  Import took 0.008230 seconds .

========================================================================
Received Import Request.
  Time since last request: 0.030424 seconds.
  path: Assets/Animations/SkeletonSummonPlusAttack_0.controller
  artifactKey: Guid(ff76d430e3d0849c9ad44584a419ef97) Importer(815301076,1909f56bfc062723c751e8b465ee728b)
Start importing Assets/Animations/SkeletonSummonPlusAttack_0.controller using Guid(ff76d430e3d0849c9ad44584a419ef97) Importer(815301076,1909f56bfc062723c751e8b465ee728b)  -> (artifact id: 'c05e4c60ea702ba06e5d1ebec2f33fbc') in 0.006341 seconds 
  Import took 0.008649 seconds .

========================================================================
Received Import Request.
  Time since last request: 0.014239 seconds.
  path: Assets/Prefabs
  artifactKey: Guid(2e2925cc594094138b6e9735a8932388) Importer(815301076,1909f56bfc062723c751e8b465ee728b)
Start importing Assets/Prefabs using Guid(2e2925cc594094138b6e9735a8932388) Importer(815301076,1909f56bfc062723c751e8b465ee728b)  -> (artifact id: 'afdbdd6c9c9acae65f89108104cdc2a8') in 0.005773 seconds 
  Import took 0.008387 seconds .

AssetImportWorkerClient::OnTransportError - code=2 error=End of file
